<?xml version="1.0" encoding="UTF-8"?>
<testsuite name="Repository.EmployeeRepositoryTest" tests="3" skipped="0" failures="0" errors="0" timestamp="2018-04-07T18:19:00" hostname="Edy" time="0.223">
  <properties/>
  <testcase name="getAll" classname="Repository.EmployeeRepositoryTest" time="0.193"/>
  <testcase name="findByUserIdAndPassword" classname="Repository.EmployeeRepositoryTest" time="0.015"/>
  <testcase name="findById" classname="Repository.EmployeeRepositoryTest" time="0.013"/>
  <system-out><![CDATA[]]></system-out>
  <system-err><![CDATA[]]></system-err>
</testsuite>
